[30-03-2024]--[14:08:44]--> Données récupérées avec succès
[30-03-2024]--[14:08:44]--> 123
[30-03-2024]--[14:08:44]--> 4
[30-03-2024]--[14:08:44]--> logs/logs-30_03_2024.log
[30-03-2024]--[14:08:44]--> json/apirator-30_03_2024_14_08_44.json
[30-03-2024]--[14:08:44]--> La période est de : 3 jour
[30-03-2024]--[14:16:19]--> Données récupérées avec succès
[30-03-2024]--[14:16:19]--> 123
[30-03-2024]--[14:16:19]--> 4
[30-03-2024]--[14:16:19]--> logs/logs-30_03_2024.log
[30-03-2024]--[14:16:19]--> json/apirator-30_03_2024_14_16_19.json
[30-03-2024]--[14:16:19]--> La période est de : 3 jour
[30-03-2024]--[14:19:43]--> Données récupérées avec succès
[30-03-2024]--[14:19:43]--> 123
[30-03-2024]--[14:19:43]--> 4
[30-03-2024]--[14:19:43]--> logs/logs-30_03_2024.log
[30-03-2024]--[14:19:43]--> json/apirator-30_03_2024_14_19_43.json
[30-03-2024]--[14:19:43]--> La période est de : 3 jour
[30-03-2024]--[14:22:26]--> Données récupérées avec succès
[30-03-2024]--[14:22:26]--> 123
[30-03-2024]--[14:22:26]--> 4
[30-03-2024]--[14:22:26]--> logs/logs-30_03_2024.log
[30-03-2024]--[14:22:26]--> json/apirator-30_03_2024_14_22_26.json
[30-03-2024]--[14:22:26]--> La période est de : 3 jour
[30-03-2024]--[14:23:09]--> Données récupérées avec succès
[30-03-2024]--[14:23:09]--> 123
[30-03-2024]--[14:23:09]--> 4
[30-03-2024]--[14:23:09]--> logs/logs-30_03_2024.log
[30-03-2024]--[14:23:09]--> json/apirator-30_03_2024_14_23_09.json
[30-03-2024]--[14:23:09]--> La période est de : 3 jour
